0 info it worked if it ends with ok
1 verbose cli [ '/Users/davidfournier/.nvm/versions/node/v5.3.0/bin/node',
1 verbose cli   '/Users/davidfournier/.nvm/versions/node/v5.3.0/bin/npm',
1 verbose cli   'publish',
1 verbose cli   '-f' ]
2 info using npm@3.3.12
3 info using node@v5.3.0
4 warn using --force I sure hope you know what you are doing.
5 verbose publish [ '.' ]
6 silly cache add args [ '.', null ]
7 verbose cache add spec .
8 silly cache add parsed spec Result {
8 silly cache add   raw: '.',
8 silly cache add   scope: null,
8 silly cache add   name: null,
8 silly cache add   rawSpec: '.',
8 silly cache add   spec: '/Users/davidfournier/workspace/colossus-browser',
8 silly cache add   type: 'directory' }
9 verbose addLocalDirectory /Users/davidfournier/.npm/colossus-browser/0.8.0/package.tgz not in flight; packing
10 info lifecycle colossus-browser@0.8.0~prepublish: colossus-browser@0.8.0
11 silly lifecycle colossus-browser@0.8.0~prepublish: no script for prepublish, continuing
12 verbose tar pack [ '/Users/davidfournier/.npm/colossus-browser/0.8.0/package.tgz',
12 verbose tar pack   '/Users/davidfournier/workspace/colossus-browser' ]
13 verbose tarball /Users/davidfournier/.npm/colossus-browser/0.8.0/package.tgz
14 verbose folder /Users/davidfournier/workspace/colossus-browser
15 verbose addLocalTarball adding from inside cache /Users/davidfournier/.npm/colossus-browser/0.8.0/package.tgz
16 silly cache afterAdd colossus-browser@0.8.0
17 verbose afterAdd /Users/davidfournier/.npm/colossus-browser/0.8.0/package/package.json not in flight; writing
18 verbose afterAdd /Users/davidfournier/.npm/colossus-browser/0.8.0/package/package.json written
19 silly publish { name: 'colossus-browser',
19 silly publish   version: '0.8.0',
19 silly publish   description: 'JavaScript Client for the PubSub and Presence system Colossus.',
19 silly publish   main: 'dist/colossus.js',
19 silly publish   scripts: { test: 'echo "Error: no test specified" && exit 1' },
19 silly publish   dependencies: { faye: '~1' },
19 silly publish   keywords: [ 'pubsub', 'presence', 'push' ],
19 silly publish   author: { name: 'antoinelyset+github@gmail.com' },
19 silly publish   license: 'MIT',
19 silly publish   devDependencies:
19 silly publish    { broccoli: '~0.13.3',
19 silly publish      'broccoli-eslint': '0.0.5',
19 silly publish      'broccoli-concat': '0.0.12',
19 silly publish      'broccoli-merge-trees': '~0.2.1',
19 silly publish      'broccoli-jshint': '~0.5.3',
19 silly publish      'broccoli-static-compiler': '~0.2.1',
19 silly publish      'broccoli-filter': '~0.1.10',
19 silly publish      'react-tools': '~0.12.1',
19 silly publish      'broccoli-uglify-js': '~0.1.3' },
19 silly publish   gitHead: 'b0965f81806f3a952b8824ffb2bb172bdbaa3552',
19 silly publish   readme: 'ERROR: No README data found!',
19 silly publish   _id: 'colossus-browser@0.8.0',
19 silly publish   _shasum: '713225bea9e5ebc058d26cdbf6396a543fbe9c70',
19 silly publish   _from: '.' }
20 verbose getPublishConfig undefined
21 silly mapToRegistry name colossus-browser
22 silly mapToRegistry using default registry
23 silly mapToRegistry registry https://registry.npmjs.org/
24 silly mapToRegistry uri https://registry.npmjs.org/colossus-browser
25 verbose publish registryBase https://registry.npmjs.org/
26 silly publish uploading /Users/davidfournier/.npm/colossus-browser/0.8.0/package.tgz
27 verbose request uri https://registry.npmjs.org/colossus-browser
28 verbose request sending authorization for write operation
29 info attempt registry request try #1 at 19:38:11
30 verbose request using bearer token for auth
31 verbose request id 40d1d17f77baeed3
32 http request PUT https://registry.npmjs.org/colossus-browser
33 http 403 https://registry.npmjs.org/colossus-browser
34 verbose headers { 'content-type': 'application/json',
34 verbose headers   'cache-control': 'max-age=300',
34 verbose headers   'content-length': '95',
34 verbose headers   'accept-ranges': 'bytes',
34 verbose headers   date: 'Fri, 19 Feb 2016 18:38:12 GMT',
34 verbose headers   via: '1.1 varnish',
34 verbose headers   connection: 'keep-alive',
34 verbose headers   'x-served-by': 'cache-fra1234-FRA',
34 verbose headers   'x-cache': 'MISS',
34 verbose headers   'x-cache-hits': '0',
34 verbose headers   'x-timer': 'S1455907091.084174,VS0,VE1033' }
35 verbose request invalidating /Users/davidfournier/.npm/registry.npmjs.org/colossus-browser on PUT
36 error publish Failed PUT 403
37 verbose stack Error: "You cannot publish over the previously published version 0.8.0." : colossus-browser
37 verbose stack     at makeError (/Users/davidfournier/.nvm/versions/node/v5.3.0/lib/node_modules/npm/node_modules/npm-registry-client/lib/request.js:264:12)
37 verbose stack     at CachingRegistryClient.<anonymous> (/Users/davidfournier/.nvm/versions/node/v5.3.0/lib/node_modules/npm/node_modules/npm-registry-client/lib/request.js:252:14)
37 verbose stack     at Request._callback (/Users/davidfournier/.nvm/versions/node/v5.3.0/lib/node_modules/npm/node_modules/npm-registry-client/lib/request.js:172:14)
37 verbose stack     at Request.self.callback (/Users/davidfournier/.nvm/versions/node/v5.3.0/lib/node_modules/npm/node_modules/request/request.js:198:22)
37 verbose stack     at emitTwo (events.js:87:13)
37 verbose stack     at Request.emit (events.js:172:7)
37 verbose stack     at Request.<anonymous> (/Users/davidfournier/.nvm/versions/node/v5.3.0/lib/node_modules/npm/node_modules/request/request.js:1082:10)
37 verbose stack     at emitOne (events.js:82:20)
37 verbose stack     at Request.emit (events.js:169:7)
37 verbose stack     at IncomingMessage.<anonymous> (/Users/davidfournier/.nvm/versions/node/v5.3.0/lib/node_modules/npm/node_modules/request/request.js:1009:12)
38 verbose statusCode 403
39 verbose pkgid colossus-browser
40 verbose cwd /Users/davidfournier/workspace/colossus-browser
41 error Darwin 15.3.0
42 error argv "/Users/davidfournier/.nvm/versions/node/v5.3.0/bin/node" "/Users/davidfournier/.nvm/versions/node/v5.3.0/bin/npm" "publish" "-f"
43 error node v5.3.0
44 error npm  v3.3.12
45 error code E403
46 error "You cannot publish over the previously published version 0.8.0." : colossus-browser
47 error If you need help, you may report this error at:
47 error     <https://github.com/npm/npm/issues>
48 verbose exit [ 1, true ]
